C51 COMPILER V8.08   P1                                                                    01/28/2020 10:48:35 PAGE 1   


C51 COMPILER V8.08, COMPILATION OF MODULE P1
OBJECT MODULE PLACED IN p1.OBJ
COMPILER INVOKED BY: C:\Keil\C51\BIN\C51.EXE p1.c BROWSE DEBUG OBJECTEXTEND

line level    source

   1          #include<reg51.h>
   2          void my_delay()
   3          {       int i,j;
   4   1       
   5   1              for (j=0;j<3 ;j++){
   6   2                      for (i=0 ; i<30000 ;i++){
   7   3                      }
   8   2              }
   9   1              /*      j=0 ->  i=0......29999
  10   1                      j=1 -> i=0......29999
  11   1                      j=2 -> i=0......29999
  12   1                      j=3 contd. break
  13   1              */
  14   1      }       
  15          void main()
  16          {       // in C/C++ language 0 is false, any non-zero is always true
  17   1              while(1){       // while the condition is true ; 1 means always true ; infinite loop
  18   2                      P1 = 0xaa; //1010 1010
  19   2                      my_delay();
  20   2                      P1 = 0x55; //0101 0101
  21   2                      my_delay();
  22   2              }
  23   1      }


MODULE INFORMATION:   STATIC OVERLAYABLE
   CODE SIZE        =     43    ----
   CONSTANT SIZE    =   ----    ----
   XDATA SIZE       =   ----    ----
   PDATA SIZE       =   ----    ----
   DATA SIZE        =   ----    ----
   IDATA SIZE       =   ----    ----
   BIT SIZE         =   ----    ----
END OF MODULE INFORMATION.


C51 COMPILATION COMPLETE.  0 WARNING(S),  0 ERROR(S)
