C51 COMPILER V8.08   LCDKEY                                                                01/31/2020 11:38:01 PAGE 1   


C51 COMPILER V8.08, COMPILATION OF MODULE LCDKEY
OBJECT MODULE PLACED IN lcdkey.OBJ
COMPILER INVOKED BY: C:\Keil\C51\BIN\C51.EXE lcdkey.c BROWSE DEBUG OBJECTEXTEND

line level    source

   1          #include <reg51.h>
   2          #define LCDDATA P2
   3          sbit RS =       P3^6;
   4          sbit E  =       P3^7;
   5          
   6          sbit C1=P1^0;
   7          sbit C2=P1^1;
   8          sbit C3=P1^2;
   9          sbit C4=P1^3;
  10          sbit R1=P1^4;
  11          sbit R2=P1^5;
  12          sbit R3=P1^6;
  13          sbit R4=P1^7;
  14          
  15          void mydelay(int t){
  16   1         int x=0,y=0;
  17   1         for (x=0 ; x<t; x++)
  18   1         {  for (y=0 ; y<20000; y++){                 }               
  19   2         }
  20   1      }
  21          void lcd_cmd(char d)
  22          {
  23   1              RS=0;
  24   1              E=1;    LCDDATA= d;     mydelay(1); E=0;
  25   1      }
  26          
  27          void lcd_data(char d)
  28          {
  29   1              RS=1;
  30   1              E=1;    LCDDATA= d; mydelay(1); E=0;
  31   1      }
  32          
  33          void main(){
  34   1                      lcd_cmd(0x38);
  35   1                      lcd_cmd(0x0E);
  36   1                      lcd_cmd(0x01);      
  37   1                      lcd_data('N');
  38   1                      lcd_data('I');
  39   1                      lcd_data('E');
  40   1                      lcd_data('L');
  41   1                      lcd_data('I');
  42   1                      lcd_data('T');
  43   1                      lcd_cmd(0xC0);   // bring cursor to second line   
  44   1                while(1){
  45   2      ///////////
  46   2                      C1 = C2= C3=C4= R1= R2=R3=R4 =1;   
  47   2               C1= 0 ; 
  48   2                       if (R1 == 0 )   { lcd_data('1');  }
  49   2                       if (R2 == 0 )   { lcd_data('2'); }
  50   2                       if (R3 == 0 )   { lcd_data('3'); }
  51   2                       if (R4 == 0 )   { lcd_data('4'); }
  52   2      
  53   2               C1= 1 ; C2= 0 ;  
  54   2                       if (R1 == 0 )   { lcd_data('5'); }
  55   2                       if (R2 == 0 )   { lcd_data('6'); }
C51 COMPILER V8.08   LCDKEY                                                                01/31/2020 11:38:01 PAGE 2   

  56   2                       if (R3 == 0 )   { lcd_data('7'); }
  57   2                       if (R4 == 0 )   { lcd_data('8'); }
  58   2      
  59   2               C2= 1 ; C3= 0 ;  
  60   2                       if (R1 == 0 )   { lcd_data('9'); }
  61   2                       if (R2 == 0 )   { lcd_data('A'); }
  62   2                       if (R3 == 0 )   { lcd_data('B'); }
  63   2                       if (R4 == 0 )   { lcd_data('C'); }
  64   2                       C3= 1 ; C4= 0 ;  
  65   2                       if (R1 == 0 )   { lcd_data('D'); }
  66   2                       if (R2 == 0 )   { lcd_data('E'); }
  67   2                       if (R3 == 0 )   { lcd_data('F');       }
  68   2                       if (R4 == 0 )   { lcd_cmd(0x01); }
  69   2      ////////////
  70   2                      mydelay(1);
  71   2                }
  72   1      }


MODULE INFORMATION:   STATIC OVERLAYABLE
   CODE SIZE        =    276    ----
   CONSTANT SIZE    =   ----    ----
   XDATA SIZE       =   ----    ----
   PDATA SIZE       =   ----    ----
   DATA SIZE        =   ----    ----
   IDATA SIZE       =   ----    ----
   BIT SIZE         =   ----    ----
END OF MODULE INFORMATION.


C51 COMPILATION COMPLETE.  0 WARNING(S),  0 ERROR(S)
