C51 COMPILER V8.08   BUTTONLEDPATTERN_V2                                                   01/29/2020 11:30:49 PAGE 1   


C51 COMPILER V8.08, COMPILATION OF MODULE BUTTONLEDPATTERN_V2
OBJECT MODULE PLACED IN buttonLEDpattern_v2.OBJ
COMPILER INVOKED BY: C:\Keil\C51\BIN\C51.EXE buttonLEDpattern_v2.c BROWSE DEBUG OBJECTEXTEND

line level    source

   1           #include<reg51.h>
   2          sbit but1 = P2^0;
   3          sbit but2 = P2^1;
   4          sbit but3 = P2^2;
   5          int     but1press = 0;
   6          void my_delay()
   7          {       int i,j;
   8   1       
   9   1              for (j=0;j<3 ;j++){
  10   2                      for (i=0 ; i<30000 ;i++){
  11   3                      }
  12   2              }
  13   1      }       
  14          void main()
  15          {       P1=0x00;
  16   1              while(1){
  17   2               if (but1==0){
  18   3                      // if button is pressed toogle the value in     but1press variable
  19   3                       if (   but1press == 0) but1press=1;
  20   3                       else   but1press = 0 ; 
  21   3                       while  (but1==0);
  22   3                }
  23   2                if(   but1press==1 ) { // if  but1press value is 1 then display pattern1
  24   3                      P1=0xf0; my_delay();
  25   3                      P1=0x0f; my_delay();
  26   3                }else { P1=0x00; } 
  27   2              }
  28   1      }
  29          /*
  30             if (but2==0){
  31                    // if button on P2.1 pin is pressed display pattern2
  32                          P1=0x00; my_delay();
  33                          P1=0xff; my_delay();
  34                    }
  35                    if (but3==0){
  36                    // pattern3
  37                          P1=0xaa; my_delay();
  38                          P1=0x55; my_delay();
  39                    }
  40                    else { P1=0x00; } // make all LEDs off 
  41                   
  42          */


MODULE INFORMATION:   STATIC OVERLAYABLE
   CODE SIZE        =     83    ----
   CONSTANT SIZE    =   ----    ----
   XDATA SIZE       =   ----    ----
   PDATA SIZE       =   ----    ----
   DATA SIZE        =      2    ----
   IDATA SIZE       =   ----    ----
   BIT SIZE         =   ----    ----
END OF MODULE INFORMATION.


C51 COMPILATION COMPLETE.  0 WARNING(S),  0 ERROR(S)
